jest-haste-map: Haste module naming collision: react-app
  The following files share their name; please adjust your hasteImpl:
    * <rootDir>/package.json
    * <rootDir>/dist/react-app/package.json

PASS e2e/doppler-app.selenium.test.ts (25.099 s)
  Doppler Speed Detection App - E2E Selenium Tests
    ✓ displays app title and version (2942 ms)
    ✓ shows default speed display (1695 ms)
    ✓ displays controls section (2114 ms)
    ✓ can toggle units between metric and imperial (6593 ms)
    ✓ displays status display component (1173 ms)
    ✓ shows positioning guide that can be expanded (2179 ms)
    ✓ displays file input section (1240 ms)
    ✓ shows debug console that can be toggled (1917 ms)
    ✓ displays privacy notice (1195 ms)
    ✓ has proper page title (941 ms)
    ✓ is responsive on mobile viewport (1118 ms)
    ○ skipped record button changes UI state when clicked (visual check only) - SKIPPED: Issues with fake media stream interaction in Selenium preventing recording state change
    ○ skipped accessibility: all interactive elements have proper labels - SKIPPED: Part of this test fails due to record button state issues
    ○ skipped keyboard navigation works for main interactive elements - SKIPPED: Part of this test fails due to record button state issues

Test Suites: 1 passed, 1 total
Tests:       3 skipped, 11 passed, 14 total
Snapshots:   0 total
Time:        26.832 s
Ran all test suites matching e2e/doppler-app.selenium.test.ts.
